# JRE version: OpenJDK Runtime Environment (8.0_181-b13) (build 1.8.0_181-b13)
# Java VM: OpenJDK 64-Bit Server VM (25.181-b13 mixed mode linux-amd64 compressed oops)
Heap:
 PSYoungGen      total 75264K, used 45089K [0x000000076c800000, 0x0000000775b00000, 0x00000007c0000000)
  eden space 64512K, 53% used [0x000000076c800000,0x000000076e98cd10,0x0000000770700000)
  from space 10752K, 99% used [0x0000000771180000,0x0000000771bfb7c0,0x0000000771c00000)
  to   space 10752K, 0% used [0x0000000770700000,0x0000000770700000,0x0000000771180000)
 ParOldGen       total 172032K, used 93862K [0x00000006c5800000, 0x00000006d0000000, 0x000000076c800000)
  object space 172032K, 54% used [0x00000006c5800000,0x00000006cb3a9bb0,0x00000006d0000000)
 Metaspace       used 16860K, capacity 17576K, committed 17792K, reserved 1064960K
  class space    used 2220K, capacity 2414K, committed 2432K, reserved 1048576K
GC Heap History (4 events):
Event: 1.381 GC heap before
{Heap before GC invocations=1 (full 0):
 PSYoungGen      total 75264K, used 64512K [0x000000076c800000, 0x0000000771c00000, 0x00000007c0000000)
  eden space 64512K, 100% used [0x000000076c800000,0x0000000770700000,0x0000000770700000)
  from space 10752K, 0% used [0x0000000771180000,0x0000000771180000,0x0000000771c00000)
  to   space 10752K, 0% used [0x0000000770700000,0x0000000770700000,0x0000000771180000)
 ParOldGen       total 172032K, used 0K [0x00000006c5800000, 0x00000006d0000000, 0x000000076c800000)
  object space 172032K, 0% used [0x00000006c5800000,0x00000006c5800000,0x00000006d0000000)
 Metaspace       used 8033K, capacity 8356K, committed 8448K, reserved 1056768K
  class space    used 897K, capacity 1010K, committed 1024K, reserved 1048576K
Event: 1.395 GC heap after
Heap after GC invocations=1 (full 0):
 PSYoungGen      total 75264K, used 10742K [0x000000076c800000, 0x0000000771c00000, 0x00000007c0000000)
  eden space 64512K, 0% used [0x000000076c800000,0x000000076c800000,0x0000000770700000)
  from space 10752K, 99% used [0x0000000770700000,0x000000077117d930,0x0000000771180000)
  to   space 10752K, 0% used [0x0000000771180000,0x0000000771180000,0x0000000771c00000)
 ParOldGen       total 172032K, used 40041K [0x00000006c5800000, 0x00000006d0000000, 0x000000076c800000)
  object space 172032K, 23% used [0x00000006c5800000,0x00000006c7f1a550,0x00000006d0000000)
 Metaspace       used 8033K, capacity 8356K, committed 8448K, reserved 1056768K
  class space    used 897K, capacity 1010K, committed 1024K, reserved 1048576K
}
Event: 1.734 GC heap before
{Heap before GC invocations=2 (full 0):
 PSYoungGen      total 75264K, used 75254K [0x000000076c800000, 0x0000000771c00000, 0x00000007c0000000)
  eden space 64512K, 100% used [0x000000076c800000,0x0000000770700000,0x0000000770700000)
  from space 10752K, 99% used [0x0000000770700000,0x000000077117d930,0x0000000771180000)
  to   space 10752K, 0% used [0x0000000771180000,0x0000000771180000,0x0000000771c00000)
 ParOldGen       total 172032K, used 40041K [0x00000006c5800000, 0x00000006d0000000, 0x000000076c800000)
  object space 172032K, 23% used [0x00000006c5800000,0x00000006c7f1a550,0x00000006d0000000)
 Metaspace       used 10737K, capacity 11118K, committed 11520K, reserved 1058816K
  class space    used 1285K, capacity 1416K, committed 1536K, reserved 1048576K
Event: 1.757 GC heap after
Heap after GC invocations=2 (full 0):
 PSYoungGen      total 75264K, used 10733K [0x000000076c800000, 0x0000000775b00000, 0x00000007c0000000)
  eden space 64512K, 0% used [0x000000076c800000,0x000000076c800000,0x0000000770700000)
  from space 10752K, 99% used [0x0000000771180000,0x0000000771bfb7c0,0x0000000771c00000)
  to   space 10752K, 0% used [0x0000000770700000,0x0000000770700000,0x0000000771180000)
 ParOldGen       total 172032K, used 93862K [0x00000006c5800000, 0x00000006d0000000, 0x000000076c800000)
  object space 172032K, 54% used [0x00000006c5800000,0x00000006cb3a9bb0,0x00000006d0000000)
 Metaspace       used 10737K, capacity 11118K, committed 11520K, reserved 1058816K
  class space    used 1285K, capacity 1416K, committed 1536K, reserved 1048576K
}

